#
# There is insufficient memory for the Java Runtime Environment to continue.
# Native memory allocation (mmap) failed to map 264241152 bytes. Error detail: G1 virtual space
# Possible reasons:
#   The system is out of physical RAM or swap space
#   This process is running with CompressedOops enabled, and the Java Heap may be blocking the growth of the native heap
# Possible solutions:
#   Reduce memory load on the system
#   Increase physical memory or swap space
#   Check if swap backing store is full
#   Decrease Java heap size (-Xmx/-Xms)
#   Decrease number of Java threads
#   Decrease Java thread stack sizes (-Xss)
#   Set larger code cache with -XX:ReservedCodeCacheSize=
#   JVM is running with Zero Based Compressed Oops mode in which the Java heap is
#     placed in the first 32GB address space. The Java Heap base address is the
#     maximum limit for the native heap growth. Please use -XX:HeapBaseMinAddress
#     to set the Java Heap base and to place the Java Heap above 32GB virtual address.
# This output file may be truncated or incomplete.
#
#  Out of Memory Error (os_windows.cpp:3815), pid=27460, tid=6640
#
# JRE version:  (21.0.3+13) (build )
# Java VM: OpenJDK 64-Bit Server VM (21.0.3+13-b509.4, mixed mode, sharing, tiered, compressed oops, compressed class ptrs, g1 gc, windows-amd64)
# No core dump will be written. Minidumps are not enabled by default on client versions of Windows
#

---------------  S U M M A R Y ------------

Command Line: git4idea.http.GitAskPassApp Username for 'https://github.com': 

Host: 12th Gen Intel(R) Core(TM) i5-12450H, 12 cores, 15G,  Windows 11 , 64 bit Build 22621 (10.0.22621.4391)
Time: Fri Jan 10 22:58:20 2025 RTZ 2 (s 11 , 64 bit Build 22621 (10.0.22621.4391) elapsed time: 0.019625 seconds (0d 0h 0m 0s)

---------------  T H R E A D  ---------------

Current thread (0x000001988548f3d0):  JavaThread "Unknown thread" [_thread_in_vm, id=6640, stack(0x0000008944200000,0x0000008944300000) (1024K)]

Stack: [0x0000008944200000,0x0000008944300000]
Native frames: (J=compiled Java code, j=interpreted, Vv=VM code, C=native code)
V  [jvm.dll+0x6e02e9]
V  [jvm.dll+0x8bd373]
V  [jvm.dll+0x8bf8ce]
V  [jvm.dll+0x8bffb3]
V  [jvm.dll+0x2879b6]
V  [jvm.dll+0x6dcab5]
V  [jvm.dll+0x6d0f8a]
V  [jvm.dll+0x35f9ab]
V  [jvm.dll+0x367556]
V  [jvm.dll+0x3b8b46]
V  [jvm.dll+0x3b8e18]
V  [jvm.dll+0x33216c]
V  [jvm.dll+0x332e5b]
V  [jvm.dll+0x8845d9]
V  [jvm.dll+0x3c5f28]
V  [jvm.dll+0x86d7fd]
V  [jvm.dll+0x45ab8e]
V  [jvm.dll+0x45c761]
C  [jli.dll+0x52ab]
C  [ucrtbase.dll+0x29333]
C  [KERNEL32.DLL+0x1259d]
C  [ntdll.dll+0x5af38]


---------------  P R O C E S S  ---------------

Threads class SMR info:
_java_thread_list=0x00007ffb02bad108, length=0, elements={
}

Java Threads: ( => current thread )
Total: 0

Other Threads:
  0x00000198854f1c90 WorkerThread "GC Thread#0"                     [id=11772, stack(0x0000008944300000,0x0000008944400000) (1024K)]
  0x0000019885502830 ConcurrentGCThread "G1 Main Marker"            [id=16840, stack(0x0000008944400000,0x0000008944500000) (1024K)]
  0x00000198855034e0 WorkerThread "G1 Conc#0"                       [id=15752, stack(0x0000008944500000,0x0000008944600000) (1024K)]

[error occurred during error reporting (printing all threads), id 0xc0000005, EXCEPTION_ACCESS_VIOLATION (0xc0000005) at pc=0x00007ffb022a52c7]
VM state: not at safepoint (not fully initialized)

VM Mutex/Monitor currently owned by a thread:  ([mutex/lock_event])
[0x00007ffb02c21858] Heap_lock - owner thread: 0x000001988548f3d0

Heap address: 0x0000000704400000, size: 4028 MB, Compressed Oops mode: Zero based, Oop shift amount: 3

CDS archive(s) mapped at: [0x0000000000000000-0x0000000000000000-0x0000000000000000), size 0, SharedBaseAddress: 0x0000000800000000, ArchiveRelocationMode: 1.
Narrow klass base: 0x0000000000000000, Narrow klass shift: 0, Narrow klass range: 0x0

GC Precious Log:
 CardTable entry size: 512
 Card Set container configuration: InlinePtr #cards 4 size 8 Array Of Cards #cards 16 size 48 Howl #buckets 8 coarsen threshold 3686 Howl Bitmap #cards 512 size 80 coarsen threshold 460 Card regions per heap region 1 cards per card region 4096

Heap:
 garbage-first heap   total 0K, used 0K [0x0000000704400000, 0x0000000800000000)
  region size 2048K, 0 young (0K), 0 survivors (0K)
 Metaspace       used 0K, committed 0K, reserved 0K
  class space    used 0K, committed 0K, reserved 0K

Heap Regions: E=young(eden), S=young(survivor), O=old, HS=humongous(starts), HC=humongous(continues), CS=collection set, F=free, TAMS=top-at-mark-start, PB=parsable bottom

Card table byte_map: [0x00000198990e0000,0x00000198998c0000] _byte_map_base: 0x00000198958be000

Marking Bits: (CMBitMap*) 0x00000198854f2390
 Bits: [0x00000198998c0000, 0x000001989d7b0000)

GC Heap History (0 events):
No events

Dll operation events (1 events):
Event: 0.013 Loaded shared library C:\Program Files\JetBrains\PyCharm 2024.2\jbr\bin\java.dll

Deoptimization events (0 events):
No events

Classes loaded (0 events):
No events

Classes unloaded (0 events):
No events

Classes redefined (0 events):
No events

Internal exceptions (0 events):
No events

ZGC Phase Switch (0 events):
No events

VM Operations (0 events):
No events

Events (0 events):
No events


Dynamic libraries:
0x00007ff662740000 - 0x00007ff66274a000 	C:\Program Files\JetBrains\PyCharm 2024.2\jbr\bin\java.exe
0x00007ffb57950000 - 0x00007ffb57b67000 	C:\Windows\SYSTEM32\ntdll.dll
0x00007ffb55e60000 - 0x00007ffb55f24000 	C:\Windows\System32\KERNEL32.DLL
0x00007ffb54d70000 - 0x00007ffb5512a000 	C:\Windows\System32\KERNELBASE.dll
0x00007ffb55220000 - 0x00007ffb55331000 	C:\Windows\System32\ucrtbase.dll
0x00007ffb4c680000 - 0x00007ffb4c698000 	C:\Program Files\JetBrains\PyCharm 2024.2\jbr\bin\jli.dll
0x00007ffb4d3e0000 - 0x00007ffb4d3fb000 	C:\Program Files\JetBrains\PyCharm 2024.2\jbr\bin\VCRUNTIME140.dll
0x00007ffb56d60000 - 0x00007ffb56f0e000 	C:\Windows\System32\USER32.dll
0x00007ffb2d590000 - 0x00007ffb2d822000 	C:\Windows\WinSxS\amd64_microsoft.windows.common-controls_6595b64144ccf1df_6.0.22621.4541_none_2710d1c57384c085\COMCTL32.dll
0x00007ffb54ca0000 - 0x00007ffb54cc6000 	C:\Windows\System32\win32u.dll
0x00007ffb55810000 - 0x00007ffb558b7000 	C:\Windows\System32\msvcrt.dll
0x00007ffb55f30000 - 0x00007ffb55f59000 	C:\Windows\System32\GDI32.dll
0x00007ffb55340000 - 0x00007ffb5545b000 	C:\Windows\System32\gdi32full.dll
0x00007ffb54cd0000 - 0x00007ffb54d6a000 	C:\Windows\System32\msvcp_win.dll
0x00007ffb55c80000 - 0x00007ffb55cb1000 	C:\Windows\System32\IMM32.DLL
0x00007ffb4d3d0000 - 0x00007ffb4d3dc000 	C:\Program Files\JetBrains\PyCharm 2024.2\jbr\bin\vcruntime140_1.dll
0x00007ffb27610000 - 0x00007ffb2769d000 	C:\Program Files\JetBrains\PyCharm 2024.2\jbr\bin\msvcp140.dll
0x00007ffb01f60000 - 0x00007ffb02d12000 	C:\Program Files\JetBrains\PyCharm 2024.2\jbr\bin\server\jvm.dll
0x00007ffb55930000 - 0x00007ffb559e2000 	C:\Windows\System32\ADVAPI32.dll
0x00007ffb571d0000 - 0x00007ffb57277000 	C:\Windows\System32\sechost.dll
0x00007ffb551f0000 - 0x00007ffb55218000 	C:\Windows\System32\bcrypt.dll
0x00007ffb57370000 - 0x00007ffb57484000 	C:\Windows\System32\RPCRT4.dll
0x00007ffb56c80000 - 0x00007ffb56cf1000 	C:\Windows\System32\WS2_32.dll
0x00007ffb54940000 - 0x00007ffb5498d000 	C:\Windows\SYSTEM32\POWRPROF.dll
0x00007ffb403f0000 - 0x00007ffb403fa000 	C:\Windows\SYSTEM32\VERSION.dll
0x00007ffb4c5a0000 - 0x00007ffb4c5d4000 	C:\Windows\SYSTEM32\WINMM.dll
0x00007ffb54920000 - 0x00007ffb54933000 	C:\Windows\SYSTEM32\UMPDC.dll
0x00007ffb53c20000 - 0x00007ffb53c38000 	C:\Windows\SYSTEM32\kernel.appcore.dll
0x00007ffb4c6d0000 - 0x00007ffb4c6da000 	C:\Program Files\JetBrains\PyCharm 2024.2\jbr\bin\jimage.dll
0x00007ffb52750000 - 0x00007ffb52982000 	C:\Windows\SYSTEM32\DBGHELP.DLL
0x00007ffb568c0000 - 0x00007ffb56c4f000 	C:\Windows\System32\combase.dll
0x00007ffb55f60000 - 0x00007ffb56037000 	C:\Windows\System32\OLEAUT32.dll
0x00007ffb3f260000 - 0x00007ffb3f292000 	C:\Windows\SYSTEM32\dbgcore.DLL
0x00007ffb55460000 - 0x00007ffb554db000 	C:\Windows\System32\bcryptPrimitives.dll
0x00007ffb4c6a0000 - 0x00007ffb4c6bf000 	C:\Program Files\JetBrains\PyCharm 2024.2\jbr\bin\java.dll

dbghelp: loaded successfully - version: 4.0.5 - missing functions: none
symbol engine: initialized successfully - sym options: 0x614 - pdb path: .;C:\Program Files\JetBrains\PyCharm 2024.2\jbr\bin;C:\Windows\SYSTEM32;C:\Windows\WinSxS\amd64_microsoft.windows.common-controls_6595b64144ccf1df_6.0.22621.4541_none_2710d1c57384c085;C:\Program Files\JetBrains\PyCharm 2024.2\jbr\bin\server

VM Arguments:
java_command: git4idea.http.GitAskPassApp Username for 'https://github.com': 
java_class_path (initial): C:/Program Files/JetBrains/PyCharm 2024.2/plugins/vcs-git/lib/git4idea-rt.jar;C:/Program Files/JetBrains/PyCharm 2024.2/lib/externalProcess-rt.jar
Launcher Type: SUN_STANDARD

[Global flags]
     intx CICompilerCount                          = 4                                         {product} {ergonomic}
     uint ConcGCThreads                            = 3                                         {product} {ergonomic}
     uint G1ConcRefinementThreads                  = 10                                        {product} {ergonomic}
   size_t G1HeapRegionSize                         = 2097152                                   {product} {ergonomic}
    uintx GCDrainStackTargetSize                   = 64                                        {product} {ergonomic}
   size_t InitialHeapSize                          = 264241152                                 {product} {ergonomic}
   size_t MarkStackSize                            = 4194304                                   {product} {ergonomic}
   size_t MaxHeapSize                              = 4223664128                                {product} {ergonomic}
   size_t MinHeapDeltaBytes                        = 2097152                                   {product} {ergonomic}
   size_t MinHeapSize                              = 8388608                                   {product} {ergonomic}
    uintx NonNMethodCodeHeapSize                   = 5839372                                {pd product} {ergonomic}
    uintx NonProfiledCodeHeapSize                  = 122909434                              {pd product} {ergonomic}
    uintx ProfiledCodeHeapSize                     = 122909434                              {pd product} {ergonomic}
    uintx ReservedCodeCacheSize                    = 251658240                              {pd product} {ergonomic}
     bool SegmentedCodeCache                       = true                                      {product} {ergonomic}
   size_t SoftMaxHeapSize                          = 4223664128                             {manageable} {ergonomic}
     bool UseCompressedOops                        = true                           {product lp64_product} {ergonomic}
     bool UseG1GC                                  = true                                      {product} {ergonomic}
     bool UseLargePagesIndividualAllocation        = false                                  {pd product} {ergonomic}

Logging:
Log output configuration:
 #0: stdout all=warning uptime,level,tags foldmultilines=false
 #1: stderr all=off uptime,level,tags foldmultilines=false

Environment Variables:
PATH=C:\Program Files\Git\mingw64\libexec\git-core;C:\Program Files\Git\mingw64\libexec\git-core;C:\Program Files\Git\mingw64\bin;C:\Program Files\Git\usr\bin;C:\Users\user\bin;C:\Users\user\PycharmProjects\flowers\.venv\Scripts;C:\Windows\system32;C:\Windows;C:\Windows\System32\Wbem;C:\Windows\System32\WindowsPowerShell\v1.0;C:\Windows\System32\OpenSSH;C:\Program Files\Git\cmd;C:\Program Files\nodejs;C:\Program Files\Docker\Docker\resources\bin;C:\Users\user\AppData\Local\Programs\Python\Launcher;C:\Users\user\AppData\Local\Microsoft\WindowsApps;C:\Users\user\AppData\Local\GitHubDesktop\bin;C:\Users\user\AppData\Roaming\npm;C:\Users\user\AppData\Local\Microsoft\WinGet\Packages\Schniz.fnm_Microsoft.Winget.Source_8wekyb3d8bbwe
USERNAME=user
DISPLAY=:0.0
LC_ALL=en_US.UTF-8
TERM=xterm-256color
TMPDIR=C:\Users\user\AppData\Local\Temp
OS=Windows_NT
PROCESSOR_IDENTIFIER=Intel64 Family 6 Model 154 Stepping 3, GenuineIntel
TMP=C:\Users\user\AppData\Local\Temp
TEMP=C:\Users\user\AppData\Local\Temp




Periodic native trim disabled

JNI global refs:
JNI global refs: 0, weak refs: 0

JNI global refs memory usage: 0, weak refs: 0

Process memory usage:
Resident Set Size: 11708K (0% of 16495096K total physical memory with 2398376K free physical memory)

OOME stack traces (most recent first):
Classloader memory used:

---------------  S Y S T E M  ---------------

OS:
 Windows 11 , 64 bit Build 22621 (10.0.22621.4391)
OS uptime: 16 days 10:49 hours
Hyper-V role detected

CPU: total 12 (initial active 12) (6 cores per cpu, 2 threads per core) family 6 model 154 stepping 3 microcode 0x42c, cx8, cmov, fxsr, ht, mmx, 3dnowpref, sse, sse2, sse3, ssse3, sse4.1, sse4.2, popcnt, lzcnt, tsc, tscinvbit, avx, avx2, aes, erms, clmul, bmi1, bmi2, adx, sha, fma, vzeroupper, clflush, clflushopt, clwb, hv, serialize, rdtscp, rdpid, fsrm, f16c, cet_ibt, cet_ss
Processor Information for processor 0
  Max Mhz: 2000, Current Mhz: 2000, Mhz Limit: 2000
Processor Information for processor 1
  Max Mhz: 2000, Current Mhz: 2000, Mhz Limit: 2000
Processor Information for processor 2
  Max Mhz: 2000, Current Mhz: 2000, Mhz Limit: 2000
Processor Information for processor 3
  Max Mhz: 2000, Current Mhz: 1520, Mhz Limit: 2000
Processor Information for processor 4
  Max Mhz: 2000, Current Mhz: 1520, Mhz Limit: 2000
Processor Information for processor 5
  Max Mhz: 2000, Current Mhz: 2000, Mhz Limit: 2000
Processor Information for processor 6
  Max Mhz: 2000, Current Mhz: 2000, Mhz Limit: 2000
Processor Information for processor 7
  Max Mhz: 2000, Current Mhz: 1520, Mhz Limit: 2000
Processor Information for processor 8
  Max Mhz: 2000, Current Mhz: 1500, Mhz Limit: 1500
Processor Information for processor 9
  Max Mhz: 2000, Current Mhz: 1500, Mhz Limit: 1500
Processor Information for processor 10
  Max Mhz: 2000, Current Mhz: 1500, Mhz Limit: 1500
Processor Information for processor 11
  Max Mhz: 2000, Current Mhz: 1500, Mhz Limit: 1500

Memory: 4k page, system-wide physical 16108M (2342M free)
TotalPageFile size 46010M (AvailPageFile size 201M)
current process WorkingSet (physical memory assigned to process): 11M, peak: 11M
current process commit charge ("private bytes"): 64M, peak: 316M

vm_info: OpenJDK 64-Bit Server VM (21.0.3+13-b509.4) for windows-amd64 JRE (21.0.3+13-b509.4), built on 2024-06-26 by "builduser" with MS VC++ 16.10 / 16.11 (VS2019)

END.
